<?xml version="1.0" encoding="UTF-8"?>
<!-- Generated by org.testng.reporters.JUnitReportReporter -->
<testsuite hostname="auberginna" name="com.example.tests.ContactModificationTests" tests="1" failures="0" timestamp="11 May 2015 15:50:40 GMT" time="3.570" errors="0">
  <testcase name="deleteSomeGroup" time="3.570" classname="com.example.tests.ContactModificationTests"/>
</testsuite> <!-- com.example.tests.ContactModificationTests -->
