<?xml version="1.0" encoding="UTF-8"?>
<!-- Generated by org.testng.reporters.JUnitReportReporter -->
<testsuite hostname="auberginna" name="com.example.tests.ContactCreationTest" tests="2" failures="0" timestamp="11 May 2015 15:05:39 GMT" time="11.415" errors="0">
  <testcase name="testNonEmptyContactCreation2" time="6.824" classname="com.example.tests.ContactCreationTest"/>
  <testcase name="testEmtyContactCreation" time="4.591" classname="com.example.tests.ContactCreationTest"/>
</testsuite> <!-- com.example.tests.ContactCreationTest -->
