<?xml version="1.0" encoding="UTF-8"?>
<!-- Generated by org.testng.reporters.JUnitReportReporter -->
<testsuite hostname="auberginna" name="com.example.tests.GroupRemovalTests" tests="1" failures="0" timestamp="10 May 2015 16:33:04 GMT" time="3.554" errors="0">
  <testcase name="deleteSomeGroup" time="3.554" classname="com.example.tests.GroupRemovalTests"/>
</testsuite> <!-- com.example.tests.GroupRemovalTests -->
