<?xml version="1.0" encoding="UTF-8"?>
<!-- Generated by org.testng.reporters.JUnitReportReporter -->
<testsuite hostname="auberginna" name="com.example.tests.ContactRemovalTest" tests="1" failures="0" timestamp="11 May 2015 16:33:46 GMT" time="1.593" errors="0">
  <testcase name="deleteSomeContact" time="1.593" classname="com.example.tests.ContactRemovalTest"/>
</testsuite> <!-- com.example.tests.ContactRemovalTest -->
